<?xml version="1.0" encoding="UTF-8"?>
<testsuite xmlns:xsi="http://www.w3.org/2001/XMLSchema-instance" xsi:noNamespaceSchemaLocation="https://maven.apache.org/surefire/maven-surefire-plugin/xsd/surefire-test-report-3.0.xsd" version="3.0" name="StringCalculatorTest" time="0.106" tests="7" errors="0" skipped="0" failures="0">
  <properties>
[...]
</properties>
  <testcase name="testEmptyStringReturnsZero" classname="StringCalculatorTest" time="0.03"/>
  <testcase name="testDifferentDelimiter" classname="StringCalculatorTest" time="0.019"/>
  <testcase name="testSingleNumber" classname="StringCalculatorTest" time="0.002"/>
  <testcase name="testNewLineDelimiter" classname="StringCalculatorTest" time="0.001"/>
  <testcase name="testMultipleNumbers" classname="StringCalculatorTest" time="0.002"/>
  <testcase name="testNegativeNumber" classname="StringCalculatorTest" time="0.008"/>
  <testcase name="testTwoNumbers" classname="StringCalculatorTest" time="0.002"/>
</testsuite>